================================================================
  Vivado(TM) HLS - High-Level Synthesis from C, C++ and SystemC
  Version 2016.2
  Build 1577090 on Thu Jun 02 16:59:10 MDT 2016
  Copyright (C) 1986-2016 Xilinx, Inc. All Rights Reserved.
================================================================
INFO: [HLS 200-10] Running '/opt/xilinx/xilinx_2016.2/Vivado_HLS/2016.2/bin/unwrapped/lnx64.o/vivado_hls'
INFO: [HLS 200-10] For user 'yx388' on host 'en-ec-ecelinux-16.coecis.cornell.edu' (Linux_x86_64 version 3.10.0-1160.76.1.el7.x86_64) on Sat Nov 12 11:00:36 EST 2022
INFO: [HLS 200-10] On os "CentOS Linux release 7.9.2009 (Core)"
INFO: [HLS 200-10] In directory '/home/yx388/ece5775/final_project/ECE5775_Final_Project/ecelinux'
INFO: [HLS 200-10] Opening and resetting project '/home/yx388/ece5775/final_project/ECE5775_Final_Project/ecelinux/pca.prj'.
INFO: [HLS 200-10] Adding design file 'pca.cpp' to the project
INFO: [HLS 200-10] Adding design file 'dut.cpp' to the project
INFO: [HLS 200-10] Adding test bench file 'pca_test.cpp' to the project
INFO: [HLS 200-10] Adding test bench file 'data' to the project
INFO: [HLS 200-10] Opening and resetting solution '/home/yx388/ece5775/final_project/ECE5775_Final_Project/ecelinux/pca.prj/solution1'.
INFO: [HLS 200-10] Cleaning up the solution database.
INFO: [HLS 200-10] Setting target device to 'xc7z020clg484-1'
INFO: [SYN 201-201] Setting up clock 'default' with a period of 10ns.
make[1]: Entering directory `/home/yx388/ece5775/final_project/ECE5775_Final_Project/ecelinux/pca.prj/solution1/csim/build'
   Compiling ../../../../pca_test.cpp in release mode
make[1]: Leaving directory `/home/yx388/ece5775/final_project/ECE5775_Final_Project/ecelinux/pca.prj/solution1/csim/build'
../../../../pca_test.cpp: In function ‘void run_pca(int8_t)’:
../../../../pca_test.cpp:82:23: error: invalid types ‘int8_t {aka signed char}[const int]’ for array subscript
../../../../pca_test.cpp:85:3: error: ‘PCA’ was not declared in this scope
../../../../pca_test.cpp:85:7: error: expected ‘;’ before ‘pca’
../../../../pca_test.cpp:93:3: error: ‘pca’ was not declared in this scope
../../../../pca_test.cpp: In function ‘int main()’:
../../../../pca_test.cpp:145:11: error: too few arguments to function ‘void run_pca(int8_t)’
../../../../pca_test.cpp:81:6: note: declared here
make[1]: *** [obj/pca_test.o] Error 1
CRITICAL WARNING: [SIM 211-1] 'csim_design' failed: compilation error(s).
4
    while executing
"source [lindex $::argv 1] "
    ("uplevel" body line 1)
    invoked from within
"uplevel \#0 { source [lindex $::argv 1] } "

